<?xml version="1.0" encoding="UTF-8"?>
<testsuite xmlns:xsi="http://www.w3.org/2001/XMLSchema-instance" xsi:noNamespaceSchemaLocation="https://maven.apache.org/surefire/maven-surefire-plugin/xsd/surefire-test-report.xsd" name="EntradaTest" time="0.09" tests="3" errors="0" skipped="0" failures="0">
  <properties>
[...]
</properties>
  <testcase name="testPrecioEntradaPorDefecto" classname="EntradaTest" time="0.005"/>
  <testcase name="testMostrarInfoNoLanzaExcepcion" classname="EntradaTest" time="0.003"/>
  <testcase name="testTipoEntradaPorDefecto" classname="EntradaTest" time="0"/>
</testsuite>